<?xml version="1.0" encoding="UTF-8"?>
<!-- Generated by org.testng.reporters.JUnitXMLReporter -->
<testsuite ignored="0" hostname="DESKTOP-6B0KB3N" failures="1" tests="1" name="Test" time="34.703" errors="0" timestamp="2025-02-18T15:41:30 IST">
  <testcase classname="classes.TestDataDriven" name="executeTestSteps" time="15.034">
    <failure type="java.lang.AssertionError" message="Test failed due to an exception for element: //span[@aria-label=&amp;apos;Admiral SuperIntendent&amp;apos;]">
      <![CDATA[java.lang.AssertionError: Test failed due to an exception for element: //span[@aria-label='Admiral SuperIntendent']
at classes.TestDataDriven.executeTestSteps(TestDataDriven.java:110)
at java.base/java.util.ArrayList.forEach(ArrayList.java:1511)
... Removed 28 stack frames]]>
    </failure>
  </testcase> <!-- executeTestSteps -->
</testsuite> <!-- Test -->
